Performing C++ SOURCE FILE Test CMAKE_HAVE_LIBC_PTHREAD failed with the following output:
Change Dir: /home/glen/Desktop/LABSoft/build/CMakeFiles/CMakeTmp

Run Build Command(s):/usr/bin/gmake cmTC_503cb/fast && /usr/bin/gmake  -f CMakeFiles/cmTC_503cb.dir/build.make CMakeFiles/cmTC_503cb.dir/build
gmake[1]: Entering directory '/home/glen/Desktop/LABSoft/build/CMakeFiles/CMakeTmp'
Building CXX object CMakeFiles/cmTC_503cb.dir/src.cxx.o
/usr/bin/c++   -DCMAKE_HAVE_LIBC_PTHREAD -o CMakeFiles/cmTC_503cb.dir/src.cxx.o -c /home/glen/Desktop/LABSoft/build/CMakeFiles/CMakeTmp/src.cxx
Linking CXX executable cmTC_503cb
/usr/bin/cmake -E cmake_link_script CMakeFiles/cmTC_503cb.dir/link.txt --verbose=1
/usr/bin/c++  -DCMAKE_HAVE_LIBC_PTHREAD CMakeFiles/cmTC_503cb.dir/src.cxx.o -o cmTC_503cb 
/usr/bin/ld: CMakeFiles/cmTC_503cb.dir/src.cxx.o: in function `main':
src.cxx:(.text+0x40): undefined reference to `pthread_create'
/usr/bin/ld: src.cxx:(.text+0x4c): undefined reference to `pthread_detach'
/usr/bin/ld: src.cxx:(.text+0x58): undefined reference to `pthread_cancel'
/usr/bin/ld: src.cxx:(.text+0x68): undefined reference to `pthread_join'
collect2: error: ld returned 1 exit status
gmake[1]: *** [CMakeFiles/cmTC_503cb.dir/build.make:106: cmTC_503cb] Error 1
gmake[1]: Leaving directory '/home/glen/Desktop/LABSoft/build/CMakeFiles/CMakeTmp'
gmake: *** [Makefile:140: cmTC_503cb/fast] Error 2


Source file was:
#include <pthread.h>

void* test_func(void* data)
{
  return data;
}

int main(void)
{
  pthread_t thread;
  pthread_create(&thread, NULL, test_func, NULL);
  pthread_detach(thread);
  pthread_cancel(thread);
  pthread_join(thread, NULL);
  pthread_atfork(NULL, NULL, NULL);
  pthread_exit(NULL);

  return 0;
}

Determining if the function pthread_create exists in the pthreads failed with the following output:
Change Dir: /home/glen/Desktop/LABSoft/build/CMakeFiles/CMakeTmp

Run Build Command(s):/usr/bin/gmake cmTC_2fb9a/fast && /usr/bin/gmake  -f CMakeFiles/cmTC_2fb9a.dir/build.make CMakeFiles/cmTC_2fb9a.dir/build
gmake[1]: Entering directory '/home/glen/Desktop/LABSoft/build/CMakeFiles/CMakeTmp'
Building CXX object CMakeFiles/cmTC_2fb9a.dir/CheckFunctionExists.cxx.o
/usr/bin/c++   -DCHECK_FUNCTION_EXISTS=pthread_create -o CMakeFiles/cmTC_2fb9a.dir/CheckFunctionExists.cxx.o -c /home/glen/Desktop/LABSoft/build/CMakeFiles/CheckLibraryExists/CheckFunctionExists.cxx
Linking CXX executable cmTC_2fb9a
/usr/bin/cmake -E cmake_link_script CMakeFiles/cmTC_2fb9a.dir/link.txt --verbose=1
/usr/bin/c++  -DCHECK_FUNCTION_EXISTS=pthread_create CMakeFiles/cmTC_2fb9a.dir/CheckFunctionExists.cxx.o -o cmTC_2fb9a  -lpthreads 
/usr/bin/ld: cannot find -lpthreads
collect2: error: ld returned 1 exit status
gmake[1]: *** [CMakeFiles/cmTC_2fb9a.dir/build.make:106: cmTC_2fb9a] Error 1
gmake[1]: Leaving directory '/home/glen/Desktop/LABSoft/build/CMakeFiles/CMakeTmp'
gmake: *** [Makefile:140: cmTC_2fb9a/fast] Error 2



